<?xml version="1.0" encoding="UTF-8"?>
<coverage generated="1669392560566" clover="3.2.0">
  <project timestamp="1669392560567" name="All files">
    <metrics statements="12" coveredstatements="12" conditionals="3" coveredconditionals="3" methods="7" coveredmethods="7" elements="22" coveredelements="22" complexity="0" loc="12" ncloc="12" packages="3" files="3" classes="3"/>
    <package name="examples.TDDvsTLD">
      <metrics statements="2" coveredstatements="2" conditionals="0" coveredconditionals="0" methods="2" coveredmethods="2"/>
      <file name="mathFunctions.ts" path="C:\Users\Remym\pythonProject\react-adv-hand-on\04-minesweeper\examples\TDDvsTLD\mathFunctions.ts">
        <metrics statements="2" coveredstatements="2" conditionals="0" coveredconditionals="0" methods="2" coveredmethods="2"/>
        <line num="1" count="1" type="stmt"/>
        <line num="3" count="1" type="stmt"/>
      </file>
    </package>
    <package name="src">
      <metrics statements="7" coveredstatements="7" conditionals="2" coveredconditionals="2" methods="3" coveredmethods="3"/>
      <file name="App.tsx" path="C:\Users\Remym\pythonProject\react-adv-hand-on\04-minesweeper\src\App.tsx">
        <metrics statements="7" coveredstatements="7" conditionals="2" coveredconditionals="2" methods="3" coveredmethods="3"/>
        <line num="1" count="1" type="stmt"/>
        <line num="2" count="1" type="stmt"/>
        <line num="3" count="1" type="stmt"/>
        <line num="6" count="3" type="stmt"/>
        <line num="8" count="3" type="stmt"/>
        <line num="20" count="2" type="stmt"/>
        <line num="41" count="1" type="stmt"/>
      </file>
    </package>
    <package name="src.helpers">
      <metrics statements="3" coveredstatements="3" conditionals="1" coveredconditionals="1" methods="2" coveredmethods="2"/>
      <file name="Field.ts" path="C:\Users\Remym\pythonProject\react-adv-hand-on\04-minesweeper\src\helpers\Field.ts">
        <metrics statements="3" coveredstatements="3" conditionals="1" coveredconditionals="1" methods="2" coveredmethods="2"/>
        <line num="5" count="1" type="stmt"/>
        <line num="13" count="1" type="stmt"/>
        <line num="17" count="2" type="stmt"/>
      </file>
    </package>
  </project>
</coverage>
