<?xml version="1.0" encoding="UTF-8"?>
<coverage generated="1669687315219" clover="3.2.0">
  <project timestamp="1669687315220" name="All files">
    <metrics statements="78" coveredstatements="70" conditionals="27" coveredconditionals="25" methods="20" coveredmethods="16" elements="125" coveredelements="111" complexity="0" loc="78" ncloc="78" packages="3" files="5" classes="5"/>
    <package name="examples.TDDvsTLD">
      <metrics statements="2" coveredstatements="2" conditionals="0" coveredconditionals="0" methods="2" coveredmethods="2"/>
      <file name="mathFunctions.ts" path="C:\Users\Remym\pythonProject\react-adv-hand-on\04-minesweeper\examples\TDDvsTLD\mathFunctions.ts">
        <metrics statements="2" coveredstatements="2" conditionals="0" coveredconditionals="0" methods="2" coveredmethods="2"/>
        <line num="1" count="1" type="stmt"/>
        <line num="3" count="1" type="stmt"/>
      </file>
    </package>
    <package name="examples.assignments.06-field-gen">
      <metrics statements="44" coveredstatements="36" conditionals="15" coveredconditionals="13" methods="12" coveredmethods="8"/>
      <file name="Field.ts" path="C:\Users\Remym\pythonProject\react-adv-hand-on\04-minesweeper\examples\assignments\06-field-gen\Field.ts">
        <metrics statements="16" coveredstatements="16" conditionals="5" coveredconditionals="5" methods="1" coveredmethods="1"/>
        <line num="2" count="1" type="stmt"/>
        <line num="28" count="1" type="stmt"/>
        <line num="29" count="8" type="cond" truecount="3" falsecount="0"/>
        <line num="30" count="2" type="stmt"/>
        <line num="33" count="6" type="stmt"/>
        <line num="34" count="6" type="stmt"/>
        <line num="35" count="6" type="stmt"/>
        <line num="37" count="6" type="stmt"/>
        <line num="38" count="17" type="stmt"/>
        <line num="39" count="107" type="cond" truecount="1" falsecount="0"/>
        <line num="41" count="103" type="cond" truecount="1" falsecount="0"/>
        <line num="42" count="32" type="stmt"/>
        <line num="43" count="32" type="stmt"/>
        <line num="44" count="32" type="stmt"/>
        <line num="46" count="103" type="stmt"/>
        <line num="50" count="2" type="stmt"/>
      </file>
      <file name="helpers.ts" path="C:\Users\Remym\pythonProject\react-adv-hand-on\04-minesweeper\examples\assignments\06-field-gen\helpers.ts">
        <metrics statements="28" coveredstatements="20" conditionals="10" coveredconditionals="8" methods="11" coveredmethods="7"/>
        <line num="7" count="1" type="stmt"/>
        <line num="28" count="1" type="stmt"/>
        <line num="31" count="26" type="stmt"/>
        <line num="38" count="1" type="stmt"/>
        <line num="41" count="32" type="stmt"/>
        <line num="58" count="1" type="stmt"/>
        <line num="59" count="256" type="stmt"/>
        <line num="60" count="256" type="cond" truecount="2" falsecount="0"/>
        <line num="61" count="256" type="cond" truecount="4" falsecount="0"/>
        <line num="70" count="1" type="stmt"/>
        <line num="71" count="32" type="stmt"/>
        <line num="72" count="256" type="stmt"/>
        <line num="81" count="1" type="stmt"/>
        <line num="85" count="0" type="stmt"/>
        <line num="86" count="0" type="stmt"/>
        <line num="87" count="0" type="stmt"/>
        <line num="88" count="0" type="cond" truecount="0" falsecount="2"/>
        <line num="98" count="1" type="stmt"/>
        <line num="99" count="0" type="stmt"/>
        <line num="100" count="0" type="stmt"/>
        <line num="101" count="0" type="stmt"/>
        <line num="102" count="0" type="stmt"/>
        <line num="112" count="1" type="stmt"/>
        <line num="113" count="32" type="stmt"/>
        <line num="114" count="188" type="stmt"/>
        <line num="115" count="188" type="cond" truecount="1" falsecount="0"/>
        <line num="116" count="160" type="stmt"/>
        <line num="120" count="32" type="stmt"/>
      </file>
    </package>
    <package name="src.helpers">
      <metrics statements="32" coveredstatements="32" conditionals="12" coveredconditionals="12" methods="6" coveredmethods="6"/>
      <file name="CellsManipulator.ts" path="C:\Users\Remym\pythonProject\react-adv-hand-on\04-minesweeper\src\helpers\CellsManipulator.ts">
        <metrics statements="13" coveredstatements="13" conditionals="6" coveredconditionals="6" methods="3" coveredmethods="3"/>
        <line num="8" count="2" type="stmt"/>
        <line num="12" count="42" type="stmt"/>
        <line num="30" count="2" type="stmt"/>
        <line num="31" count="327" type="cond" truecount="4" falsecount="0"/>
        <line num="38" count="2" type="stmt"/>
        <line num="39" count="40" type="stmt"/>
        <line num="41" count="40" type="stmt"/>
        <line num="42" count="320" type="cond" truecount="1" falsecount="0"/>
        <line num="43" count="238" type="stmt"/>
        <line num="44" count="238" type="stmt"/>
        <line num="46" count="238" type="cond" truecount="1" falsecount="0"/>
        <line num="47" count="192" type="stmt"/>
        <line num="52" count="40" type="stmt"/>
      </file>
      <file name="Field.ts" path="C:\Users\Remym\pythonProject\react-adv-hand-on\04-minesweeper\src\helpers\Field.ts">
        <metrics statements="19" coveredstatements="19" conditionals="6" coveredconditionals="6" methods="3" coveredmethods="3"/>
        <line num="1" count="2" type="stmt"/>
        <line num="7" count="2" type="stmt"/>
        <line num="15" count="2" type="stmt"/>
        <line num="19" count="34" type="stmt"/>
        <line num="22" count="2" type="stmt"/>
        <line num="23" count="8" type="cond" truecount="3" falsecount="0"/>
        <line num="24" count="2" type="stmt"/>
        <line num="26" count="6" type="stmt"/>
        <line num="27" count="6" type="stmt"/>
        <line num="29" count="6" type="stmt"/>
        <line num="31" count="6" type="stmt"/>
        <line num="32" count="17" type="stmt"/>
        <line num="33" count="105" type="cond" truecount="1" falsecount="0"/>
        <line num="35" count="102" type="cond" truecount="1" falsecount="0"/>
        <line num="36" count="32" type="stmt"/>
        <line num="37" count="32" type="stmt"/>
        <line num="38" count="32" type="stmt"/>
        <line num="40" count="102" type="stmt"/>
        <line num="44" count="3" type="stmt"/>
      </file>
    </package>
  </project>
</coverage>
