{"C:\\Users\\Remym\\pythonProject\\react-adv-hand-on\\04-minesweeper\\examples\\TDDvsTLD\\mathFunctions.ts": {"path":"C:\\Users\\Remym\\pythonProject\\react-adv-hand-on\\04-minesweeper\\examples\\TDDvsTLD\\mathFunctions.ts","statementMap":{"0":{"start":{"line":1,"column":19},"end":{"line":1,"column":58}},"1":{"start":{"line":1,"column":53},"end":{"line":1,"column":58}},"2":{"start":{"line":1,"column":13},"end":{"line":1,"column":19}},"3":{"start":{"line":3,"column":19},"end":{"line":3,"column":58}},"4":{"start":{"line":3,"column":53},"end":{"line":3,"column":58}},"5":{"start":{"line":3,"column":13},"end":{"line":3,"column":19}}},"fnMap":{"0":{"name":"(anonymous_0)","decl":{"start":{"line":1,"column":19},"end":{"line":1,"column":20}},"loc":{"start":{"line":1,"column":53},"end":{"line":1,"column":58}}},"1":{"name":"(anonymous_1)","decl":{"start":{"line":3,"column":19},"end":{"line":3,"column":20}},"loc":{"start":{"line":3,"column":53},"end":{"line":3,"column":58}}}},"branchMap":{},"s":{"0":1,"1":1,"2":1,"3":1,"4":1,"5":1},"f":{"0":1,"1":1},"b":{}}
,"C:\\Users\\Remym\\pythonProject\\react-adv-hand-on\\04-minesweeper\\src\\App.tsx": {"path":"C:\\Users\\Remym\\pythonProject\\react-adv-hand-on\\04-minesweeper\\src\\App.tsx","statementMap":{"0":{"start":{"line":1,"column":0},"end":{"line":1,"column":33}},"1":{"start":{"line":2,"column":0},"end":{"line":2,"column":43}},"2":{"start":{"line":3,"column":0},"end":{"line":3,"column":19}},"3":{"start":{"line":6,"column":28},"end":{"line":6,"column":39}},"4":{"start":{"line":8,"column":2},"end":{"line":38,"column":4}},"5":{"start":{"line":20,"column":31},"end":{"line":20,"column":61}},"6":{"start":{"line":20,"column":51},"end":{"line":20,"column":60}},"7":{"start":{"line":41,"column":0},"end":{"line":41,"column":19}}},"fnMap":{"0":{"name":"App","decl":{"start":{"line":5,"column":9},"end":{"line":5,"column":12}},"loc":{"start":{"line":5,"column":12},"end":{"line":39,"column":1}}},"1":{"name":"(anonymous_1)","decl":{"start":{"line":20,"column":25},"end":{"line":20,"column":28}},"loc":{"start":{"line":20,"column":31},"end":{"line":20,"column":61}}},"2":{"name":"(anonymous_2)","decl":{"start":{"line":20,"column":40},"end":{"line":20,"column":41}},"loc":{"start":{"line":20,"column":51},"end":{"line":20,"column":60}}}},"branchMap":{"0":{"loc":{"start":{"line":24,"column":9},"end":{"line":28,"column":16}},"type":"cond-expr","locations":[{"start":{"line":25,"column":10},"end":{"line":26,"column":null}},{"start":{"line":28,"column":12},"end":{"line":28,"column":16}}]}},"s":{"0":1,"1":1,"2":1,"3":3,"4":3,"5":2,"6":2,"7":1},"f":{"0":3,"1":2,"2":2},"b":{"0":[2,1]}}
,"C:\\Users\\Remym\\pythonProject\\react-adv-hand-on\\04-minesweeper\\src\\helpers\\Field.ts": {"path":"C:\\Users\\Remym\\pythonProject\\react-adv-hand-on\\04-minesweeper\\src\\helpers\\Field.ts","statementMap":{"0":{"start":{"line":5,"column":13},"end":{"line":11,"column":2}},"1":{"start":{"line":13,"column":35},"end":{"line":18,"column":1}},"2":{"start":{"line":17,"column":2},"end":{"line":17,"column":75}},"3":{"start":{"line":17,"column":46},"end":{"line":17,"column":73}},"4":{"start":{"line":13,"column":13},"end":{"line":13,"column":35}}},"fnMap":{"0":{"name":"(anonymous_0)","decl":{"start":{"line":13,"column":35},"end":{"line":13,"column":null}},"loc":{"start":{"line":16,"column":11},"end":{"line":18,"column":1}}},"1":{"name":"(anonymous_1)","decl":{"start":{"line":17,"column":40},"end":{"line":17,"column":43}},"loc":{"start":{"line":17,"column":46},"end":{"line":17,"column":73}}}},"branchMap":{"0":{"loc":{"start":{"line":15,"column":2},"end":{"line":15,"column":31}},"type":"default-arg","locations":[{"start":{"line":15,"column":16},"end":{"line":15,"column":31}}]}},"s":{"0":1,"1":1,"2":1,"3":2,"4":1},"f":{"0":1,"1":2},"b":{"0":[1]}}
}
