{"C:\\Users\\Remym\\pythonProject\\react-adv-hand-on\\04-minesweeper\\examples\\TDDvsTLD\\mathFunctions.ts": {"path":"C:\\Users\\Remym\\pythonProject\\react-adv-hand-on\\04-minesweeper\\examples\\TDDvsTLD\\mathFunctions.ts","statementMap":{"0":{"start":{"line":1,"column":19},"end":{"line":1,"column":58}},"1":{"start":{"line":1,"column":53},"end":{"line":1,"column":58}},"2":{"start":{"line":1,"column":13},"end":{"line":1,"column":19}},"3":{"start":{"line":3,"column":19},"end":{"line":3,"column":58}},"4":{"start":{"line":3,"column":53},"end":{"line":3,"column":58}},"5":{"start":{"line":3,"column":13},"end":{"line":3,"column":19}}},"fnMap":{"0":{"name":"(anonymous_0)","decl":{"start":{"line":1,"column":19},"end":{"line":1,"column":20}},"loc":{"start":{"line":1,"column":53},"end":{"line":1,"column":58}}},"1":{"name":"(anonymous_1)","decl":{"start":{"line":3,"column":19},"end":{"line":3,"column":20}},"loc":{"start":{"line":3,"column":53},"end":{"line":3,"column":58}}}},"branchMap":{},"s":{"0":1,"1":1,"2":1,"3":1,"4":1,"5":1},"f":{"0":1,"1":1},"b":{}}
,"C:\\Users\\Remym\\pythonProject\\react-adv-hand-on\\04-minesweeper\\src\\App.tsx": {"path":"C:\\Users\\Remym\\pythonProject\\react-adv-hand-on\\04-minesweeper\\src\\App.tsx","statementMap":{"0":{"start":{"line":1,"column":0},"end":{"line":1,"column":33}},"1":{"start":{"line":2,"column":0},"end":{"line":2,"column":43}},"2":{"start":{"line":3,"column":0},"end":{"line":3,"column":19}},"3":{"start":{"line":6,"column":28},"end":{"line":6,"column":39}},"4":{"start":{"line":8,"column":2},"end":{"line":38,"column":4}},"5":{"start":{"line":20,"column":31},"end":{"line":20,"column":61}},"6":{"start":{"line":20,"column":51},"end":{"line":20,"column":60}},"7":{"start":{"line":41,"column":0},"end":{"line":41,"column":19}}},"fnMap":{"0":{"name":"App","decl":{"start":{"line":5,"column":9},"end":{"line":5,"column":12}},"loc":{"start":{"line":5,"column":12},"end":{"line":39,"column":1}}},"1":{"name":"(anonymous_1)","decl":{"start":{"line":20,"column":25},"end":{"line":20,"column":28}},"loc":{"start":{"line":20,"column":31},"end":{"line":20,"column":61}}},"2":{"name":"(anonymous_2)","decl":{"start":{"line":20,"column":40},"end":{"line":20,"column":41}},"loc":{"start":{"line":20,"column":51},"end":{"line":20,"column":60}}}},"branchMap":{"0":{"loc":{"start":{"line":24,"column":9},"end":{"line":28,"column":16}},"type":"cond-expr","locations":[{"start":{"line":25,"column":10},"end":{"line":26,"column":null}},{"start":{"line":28,"column":12},"end":{"line":28,"column":16}}]}},"s":{"0":1,"1":1,"2":1,"3":3,"4":3,"5":2,"6":2,"7":1},"f":{"0":3,"1":2,"2":2},"b":{"0":[2,1]}}
,"C:\\Users\\Remym\\pythonProject\\react-adv-hand-on\\04-minesweeper\\src\\helpers\\CellsManipulator.ts": {"path":"C:\\Users\\Remym\\pythonProject\\react-adv-hand-on\\04-minesweeper\\src\\helpers\\CellsManipulator.ts","statementMap":{"0":{"start":{"line":3,"column":34},"end":{"line":17,"column":1}},"1":{"start":{"line":7,"column":2},"end":{"line":16,"column":4}},"2":{"start":{"line":3,"column":13},"end":{"line":3,"column":34}},"3":{"start":{"line":19,"column":32},"end":{"line":24,"column":1}},"4":{"start":{"line":23,"column":2},"end":{"line":23,"column":60}},"5":{"start":{"line":19,"column":13},"end":{"line":19,"column":32}},"6":{"start":{"line":26,"column":35},"end":{"line":41,"column":1}},"7":{"start":{"line":27,"column":16},"end":{"line":27,"column":42}},"8":{"start":{"line":29,"column":2},"end":{"line":38,"column":null}},"9":{"start":{"line":30,"column":4},"end":{"line":37,"column":null}},"10":{"start":{"line":31,"column":21},"end":{"line":31,"column":25}},"11":{"start":{"line":32,"column":19},"end":{"line":32,"column":30}},"12":{"start":{"line":34,"column":6},"end":{"line":36,"column":null}},"13":{"start":{"line":35,"column":8},"end":{"line":35,"column":41}},"14":{"start":{"line":40,"column":2},"end":{"line":40,"column":15}},"15":{"start":{"line":26,"column":13},"end":{"line":26,"column":35}}},"fnMap":{"0":{"name":"(anonymous_0)","decl":{"start":{"line":3,"column":34},"end":{"line":3,"column":35}},"loc":{"start":{"line":6,"column":4},"end":{"line":17,"column":1}}},"1":{"name":"(anonymous_1)","decl":{"start":{"line":19,"column":32},"end":{"line":19,"column":null}},"loc":{"start":{"line":22,"column":13},"end":{"line":24,"column":1}}},"2":{"name":"(anonymous_2)","decl":{"start":{"line":26,"column":35},"end":{"line":26,"column":36}},"loc":{"start":{"line":26,"column":75},"end":{"line":41,"column":1}}}},"branchMap":{"0":{"loc":{"start":{"line":23,"column":9},"end":{"line":23,"column":59}},"type":"binary-expr","locations":[{"start":{"line":23,"column":9},"end":{"line":23,"column":14}},{"start":{"line":23,"column":18},"end":{"line":23,"column":23}},{"start":{"line":23,"column":27},"end":{"line":23,"column":41}},{"start":{"line":23,"column":45},"end":{"line":23,"column":59}}]},"1":{"loc":{"start":{"line":30,"column":4},"end":{"line":37,"column":null}},"type":"if","locations":[{"start":{"line":30,"column":4},"end":{"line":37,"column":null}}]},"2":{"loc":{"start":{"line":34,"column":6},"end":{"line":36,"column":null}},"type":"if","locations":[{"start":{"line":34,"column":6},"end":{"line":36,"column":null}}]}},"s":{"0":1,"1":5,"2":1,"3":1,"4":31,"5":1,"6":1,"7":3,"8":3,"9":24,"10":2,"11":2,"12":2,"13":1,"14":3,"15":1},"f":{"0":5,"1":31,"2":3},"b":{"0":[31,12,4,3],"1":[2],"2":[1]}}
,"C:\\Users\\Remym\\pythonProject\\react-adv-hand-on\\04-minesweeper\\src\\helpers\\Field.ts": {"path":"C:\\Users\\Remym\\pythonProject\\react-adv-hand-on\\04-minesweeper\\src\\helpers\\Field.ts","statementMap":{"0":{"start":{"line":5,"column":13},"end":{"line":11,"column":2}},"1":{"start":{"line":13,"column":35},"end":{"line":18,"column":1}},"2":{"start":{"line":17,"column":2},"end":{"line":17,"column":75}},"3":{"start":{"line":17,"column":46},"end":{"line":17,"column":73}},"4":{"start":{"line":13,"column":13},"end":{"line":13,"column":35}},"5":{"start":{"line":20,"column":30},"end":{"line":41,"column":1}},"6":{"start":{"line":21,"column":2},"end":{"line":22,"column":59}},"7":{"start":{"line":22,"column":4},"end":{"line":22,"column":59}},"8":{"start":{"line":24,"column":25},"end":{"line":24,"column":36}},"9":{"start":{"line":25,"column":27},"end":{"line":25,"column":57}},"10":{"start":{"line":27,"column":24},"end":{"line":27,"column":49}},"11":{"start":{"line":29,"column":2},"end":{"line":38,"column":null}},"12":{"start":{"line":29,"column":15},"end":{"line":29,"column":16}},"13":{"start":{"line":30,"column":4},"end":{"line":37,"column":null}},"14":{"start":{"line":30,"column":17},"end":{"line":30,"column":18}},"15":{"start":{"line":31,"column":6},"end":{"line":31,"column":43}},"16":{"start":{"line":31,"column":36},"end":{"line":31,"column":43}},"17":{"start":{"line":32,"column":6},"end":{"line":35,"column":null}},"18":{"start":{"line":33,"column":8},"end":{"line":33,"column":38}},"19":{"start":{"line":34,"column":8},"end":{"line":34,"column":29}},"20":{"start":{"line":36,"column":6},"end":{"line":36,"column":25}},"21":{"start":{"line":40,"column":2},"end":{"line":40,"column":16}},"22":{"start":{"line":20,"column":13},"end":{"line":20,"column":30}}},"fnMap":{"0":{"name":"(anonymous_0)","decl":{"start":{"line":13,"column":35},"end":{"line":13,"column":null}},"loc":{"start":{"line":16,"column":11},"end":{"line":18,"column":1}}},"1":{"name":"(anonymous_1)","decl":{"start":{"line":17,"column":40},"end":{"line":17,"column":43}},"loc":{"start":{"line":17,"column":46},"end":{"line":17,"column":73}}},"2":{"name":"(anonymous_2)","decl":{"start":{"line":20,"column":30},"end":{"line":20,"column":31}},"loc":{"start":{"line":20,"column":75},"end":{"line":41,"column":1}}}},"branchMap":{"0":{"loc":{"start":{"line":15,"column":2},"end":{"line":15,"column":31}},"type":"default-arg","locations":[{"start":{"line":15,"column":16},"end":{"line":15,"column":31}}]},"1":{"loc":{"start":{"line":21,"column":2},"end":{"line":22,"column":59}},"type":"if","locations":[{"start":{"line":21,"column":2},"end":{"line":22,"column":59}}]},"2":{"loc":{"start":{"line":21,"column":6},"end":{"line":21,"column":40}},"type":"binary-expr","locations":[{"start":{"line":21,"column":6},"end":{"line":21,"column":21}},{"start":{"line":21,"column":25},"end":{"line":21,"column":40}}]},"3":{"loc":{"start":{"line":31,"column":6},"end":{"line":31,"column":43}},"type":"if","locations":[{"start":{"line":31,"column":6},"end":{"line":31,"column":43}}]},"4":{"loc":{"start":{"line":32,"column":6},"end":{"line":35,"column":null}},"type":"if","locations":[{"start":{"line":32,"column":6},"end":{"line":35,"column":null}}]}},"s":{"0":2,"1":2,"2":8,"3":24,"4":2,"5":2,"6":7,"7":2,"8":5,"9":5,"10":5,"11":5,"12":5,"13":16,"14":16,"15":110,"16":102,"17":110,"18":7,"19":7,"20":110,"21":5,"22":2},"f":{"0":8,"1":24,"2":7},"b":{"0":[7],"1":[2],"2":[7,6],"3":[102],"4":[7]}}
}
