TN:
SF:examples\TDDvsTLD\mathFunctions.ts
FN:1,(anonymous_0)
FN:3,(anonymous_1)
FNF:2
FNH:2
FNDA:1,(anonymous_0)
FNDA:1,(anonymous_1)
DA:1,1
DA:3,1
LF:2
LH:2
BRF:0
BRH:0
end_of_record
TN:
SF:examples\assignments\06-field-gen\Field.ts
FN:28,(anonymous_0)
FNF:1
FNH:1
FNDA:8,(anonymous_0)
DA:2,1
DA:28,1
DA:29,8
DA:30,2
DA:33,6
DA:34,6
DA:35,6
DA:37,6
DA:38,17
DA:39,107
DA:41,103
DA:42,32
DA:43,32
DA:44,32
DA:46,103
DA:50,2
LF:16
LH:16
BRDA:29,0,0,2
BRDA:29,1,0,8
BRDA:29,1,1,7
BRDA:39,2,0,4
BRDA:41,3,0,32
BRF:5
BRH:5
end_of_record
TN:
SF:examples\assignments\06-field-gen\helpers.ts
FN:28,(anonymous_0)
FN:31,(anonymous_1)
FN:38,(anonymous_2)
FN:58,(anonymous_3)
FN:70,(anonymous_4)
FN:71,(anonymous_5)
FN:81,(anonymous_6)
FN:86,(anonymous_7)
FN:98,(anonymous_8)
FN:100,(anonymous_9)
FN:112,(anonymous_10)
FNF:11
FNH:7
FNDA:6,(anonymous_0)
FNDA:26,(anonymous_1)
FNDA:32,(anonymous_2)
FNDA:256,(anonymous_3)
FNDA:32,(anonymous_4)
FNDA:256,(anonymous_5)
FNDA:0,(anonymous_6)
FNDA:0,(anonymous_7)
FNDA:0,(anonymous_8)
FNDA:0,(anonymous_9)
FNDA:32,(anonymous_10)
DA:7,1
DA:28,1
DA:31,26
DA:38,1
DA:41,32
DA:58,1
DA:59,256
DA:60,256
DA:61,256
DA:70,1
DA:71,32
DA:72,256
DA:81,1
DA:85,0
DA:86,0
DA:87,0
DA:88,0
DA:98,1
DA:99,0
DA:100,0
DA:101,0
DA:102,0
DA:112,1
DA:113,32
DA:114,188
DA:115,188
DA:116,160
DA:120,32
LF:28
LH:20
BRDA:30,0,0,6
BRDA:60,1,0,256
BRDA:60,1,1,33
BRDA:61,2,0,256
BRDA:61,2,1,238
BRDA:61,2,2,219
BRDA:61,2,3,207
BRDA:88,3,0,0
BRDA:88,3,1,0
BRDA:115,4,0,160
BRF:10
BRH:8
end_of_record
TN:
SF:src\helpers\CellsManipulator.ts
FN:8,(anonymous_0)
FN:30,(anonymous_1)
FN:38,(anonymous_2)
FNF:3
FNH:3
FNDA:42,(anonymous_0)
FNDA:327,(anonymous_1)
FNDA:40,(anonymous_2)
DA:8,2
DA:12,42
DA:30,2
DA:31,327
DA:38,2
DA:39,40
DA:41,40
DA:42,320
DA:43,238
DA:44,238
DA:46,238
DA:47,192
DA:52,40
LF:13
LH:13
BRDA:31,0,0,327
BRDA:31,0,1,299
BRDA:31,0,2,277
BRDA:31,0,3,257
BRDA:42,1,0,238
BRDA:46,2,0,192
BRF:6
BRH:6
end_of_record
TN:
SF:src\helpers\Field.ts
FN:15,(anonymous_0)
FN:19,(anonymous_1)
FN:22,(anonymous_2)
FNF:3
FNH:3
FNDA:9,(anonymous_0)
FNDA:34,(anonymous_1)
FNDA:8,(anonymous_2)
DA:1,2
DA:7,2
DA:15,2
DA:19,34
DA:22,2
DA:23,8
DA:24,2
DA:26,6
DA:27,6
DA:29,6
DA:31,6
DA:32,17
DA:33,105
DA:35,102
DA:36,32
DA:37,32
DA:38,32
DA:40,102
DA:44,3
LF:19
LH:19
BRDA:17,0,0,8
BRDA:23,1,0,2
BRDA:23,2,0,8
BRDA:23,2,1,7
BRDA:33,3,0,3
BRDA:35,4,0,32
BRF:6
BRH:6
end_of_record
