TN:
SF:src\helpers\CellsManipulator.ts
FN:8,(anonymous_0)
FN:30,(anonymous_1)
FN:38,(anonymous_2)
FNF:3
FNH:3
FNDA:32,(anonymous_0)
FNDA:256,(anonymous_1)
FNDA:32,(anonymous_2)
DA:8,1
DA:12,32
DA:30,1
DA:31,256
DA:38,1
DA:39,32
DA:41,32
DA:42,256
DA:43,195
DA:44,195
DA:46,195
DA:47,166
DA:52,32
LF:13
LH:13
BRDA:31,0,0,256
BRDA:31,0,1,238
BRDA:31,0,2,226
BRDA:31,0,3,207
BRDA:42,1,0,195
BRDA:46,2,0,166
BRF:6
BRH:6
end_of_record
TN:
SF:src\helpers\Field.ts
FN:15,(anonymous_0)
FN:19,(anonymous_1)
FN:22,(anonymous_2)
FNF:3
FNH:3
FNDA:9,(anonymous_0)
FNDA:34,(anonymous_1)
FNDA:8,(anonymous_2)
DA:1,1
DA:7,1
DA:15,1
DA:19,34
DA:22,1
DA:23,8
DA:24,2
DA:26,6
DA:27,6
DA:29,6
DA:31,6
DA:32,17
DA:33,108
DA:35,105
DA:36,32
DA:37,32
DA:38,32
DA:40,105
DA:44,3
LF:19
LH:19
BRDA:17,0,0,8
BRDA:23,1,0,2
BRDA:23,2,0,8
BRDA:23,2,1,7
BRDA:33,3,0,3
BRDA:35,4,0,32
BRF:6
BRH:6
end_of_record
